lun feb  9 17:04:15 CET 2026
                      :-) GROMACS - gmx mdrun, 2016.4 (-:

                            GROMACS is written by:
     Emile Apol      Rossen Apostolov  Herman J.C. Berendsen    Par Bjelkmar   
 Aldert van Buuren   Rudi van Drunen     Anton Feenstra    Gerrit Groenhof  
 Christoph Junghans   Anca Hamuraru    Vincent Hindriksen Dimitrios Karkoulis
    Peter Kasson        Jiri Kraus      Carsten Kutzner      Per Larsson    
  Justin A. Lemkul   Magnus Lundborg   Pieter Meulenhoff    Erik Marklund   
   Teemu Murtola       Szilard Pall       Sander Pronk      Roland Schulz   
  Alexey Shvetsov     Michael Shirts     Alfons Sijbers     Peter Tieleman  
  Teemu Virolainen  Christian Wennberg    Maarten Wolf   
                           and the project leaders:
        Mark Abraham, Berk Hess, Erik Lindahl, and David van der Spoel

Copyright (c) 1991-2000, University of Groningen, The Netherlands.
Copyright (c) 2001-2017, The GROMACS development team at
Uppsala University, Stockholm University and
the Royal Institute of Technology, Sweden.
check out http://www.gromacs.org for more information.

GROMACS is free software; you can redistribute it and/or modify it
under the terms of the GNU Lesser General Public License
as published by the Free Software Foundation; either version 2.1
of the License, or (at your option) any later version.

GROMACS:      gmx mdrun, version 2016.4
Executable:   /usr/local/gromacs/bin/gmx
Data prefix:  /usr/local/gromacs
Working dir:  /home/alumno26/mm/tareaRebecaSoto/3-run/temp298
Command line:
  gmx mdrun -deffnm arh -c arh.g96 -nt 1


Running on 1 node with total 32 cores, 64 logical cores
Hardware detected:
  CPU info:
    Vendor: Intel
    Brand:  Intel(R) Xeon(R) Gold 6226R CPU @ 2.90GHz
    SIMD instructions most likely to fit this hardware: AVX_512
    SIMD instructions selected at GROMACS compile time: AVX_512

  Hardware topology: Basic

Reading file arh.tpr, VERSION 2016.4 (single precision)
Changing nstlist from 10 to 40, rlist from 1.1 to 1.113

Using 1 MPI thread
Using 1 OpenMP thread 


NOTE: Thread affinity setting failed. This can cause performance degradation.
      If you think your settings are correct, ask on the gmx-users list.

starting mdrun 'Protein in water'
4000 steps,      2.0 ps.

Writing final coordinates.

Back Off! I just backed up arh.g96 to ./#arh.g96.1#

               Core t (s)   Wall t (s)        (%)
       Time:       11.332       11.332      100.0
                 (ns/day)    (hour/ns)
Performance:       15.252        1.574

GROMACS reminds you: "A Protein is a Set Of Coordinates" (A.P. Heiner)

lun feb  9 17:04:26 CET 2026
